This is pdfTeX, Version 3.14159265-2.6-1.40.18 (TeX Live 2017) (preloaded format=pdflatex 2018.5.31)  10 FEB 2019 13:17
entering extended mode
 restricted \write18 enabled.
 %&-line parsing enabled.
**main.tex
(./main.tex
LaTeX2e <2017-04-15>
Babel <3.9r> and hyphenation patterns for 77 language(s) loaded.
(/usr/share/texlive/texmf-dist/tex/latex/base/article.cls
Document Class: article 2014/09/29 v1.4h Standard LaTeX document class
(/usr/share/texlive/texmf-dist/tex/latex/base/size10.clo
File: size10.clo 2014/09/29 v1.4h Standard LaTeX file (size option)
)
\c@part=\count79
\c@section=\count80
\c@subsection=\count81
\c@subsubsection=\count82
\c@paragraph=\count83
\c@subparagraph=\count84
\c@figure=\count85
\c@table=\count86
\abovecaptionskip=\skip41
\belowcaptionskip=\skip42
\bibindent=\dimen102
)
(/usr/share/texlive/texmf-dist/tex/latex/amsmath/amstext.sty
Package: amstext 2000/06/29 v2.01 AMS text

(/usr/share/texlive/texmf-dist/tex/latex/amsmath/amsgen.sty
File: amsgen.sty 1999/11/30 v2.0 generic functions
\@emptytoks=\toks14
\ex@=\dimen103
))
(/usr/share/texlive/texmf-dist/tex/latex/amsfonts/amssymb.sty
Package: amssymb 2013/01/14 v3.01 AMS font symbols

(/usr/share/texlive/texmf-dist/tex/latex/amsfonts/amsfonts.sty
Package: amsfonts 2013/01/14 v3.01 Basic AMSFonts support
\symAMSa=\mathgroup4
\symAMSb=\mathgroup5
LaTeX Font Info:    Overwriting math alphabet `\mathfrak' in version `bold'
(Font)                  U/euf/m/n --> U/euf/b/n on input line 106.
))
(/usr/share/texlive/texmf-dist/tex/latex/stmaryrd/stmaryrd.sty
Package: stmaryrd 1994/03/03 St Mary's Road symbol package
\symstmry=\mathgroup6
LaTeX Font Info:    Overwriting symbol font `stmry' in version `bold'
(Font)                  U/stmry/m/n --> U/stmry/b/n on input line 89.
)
(/usr/share/texlive/texmf-dist/tex/latex/polytable/polytable.sty
Package: polytable 2013/07/18 v0.8.5 `polytable' package (Andres Loeh)

(/usr/share/texlive/texmf-dist/tex/latex/lazylist/lazylist.sty)
(/usr/share/texlive/texmf-dist/tex/latex/tools/array.sty
Package: array 2014/10/28 v2.4c Tabular extension package (FMi)
\col@sep=\dimen104
\extrarowheight=\dimen105
\NC@list=\toks15
\extratabsurround=\skip43
\backup@length=\skip44
)
\PT@colwidth=\dimen106
\PT@cols=\count87
\PT@table=\count88
\PT@toks=\toks16
\PT@in=\read1
\PT@out=\write3
)
\mathindent=\dimen107
\blanklineskip=\skip45

(/usr/share/texlive/texmf-dist/tex/latex/tools/calc.sty
Package: calc 2014/10/28 v4.3 Infix arithmetic (KKT,FJ)
\calc@Acount=\count89
\calc@Bcount=\count90
\calc@Adimen=\dimen108
\calc@Bdimen=\dimen109
\calc@Askip=\skip46
\calc@Bskip=\skip47
LaTeX Info: Redefining \setlength on input line 80.
LaTeX Info: Redefining \addtolength on input line 81.
\calc@Ccount=\count91
\calc@Cskip=\skip48
) (./main.aux)
\openout1 = `main.aux'.

LaTeX Font Info:    Checking defaults for OML/cmm/m/it on input line 261.
LaTeX Font Info:    ... okay on input line 261.
LaTeX Font Info:    Checking defaults for T1/cmr/m/n on input line 261.
LaTeX Font Info:    ... okay on input line 261.
LaTeX Font Info:    Checking defaults for OT1/cmr/m/n on input line 261.
LaTeX Font Info:    ... okay on input line 261.
LaTeX Font Info:    Checking defaults for OMS/cmsy/m/n on input line 261.
LaTeX Font Info:    ... okay on input line 261.
LaTeX Font Info:    Checking defaults for OMX/cmex/m/n on input line 261.
LaTeX Font Info:    ... okay on input line 261.
LaTeX Font Info:    Checking defaults for U/cmr/m/n on input line 261.
LaTeX Font Info:    ... okay on input line 261.
\openout3 = `main.ptb'.

LaTeX Font Info:    Try loading font information for U+msa on input line 300.

(/usr/share/texlive/texmf-dist/tex/latex/amsfonts/umsa.fd
File: umsa.fd 2013/01/14 v3.01 AMS symbols A
)
LaTeX Font Info:    Try loading font information for U+msb on input line 300.

(/usr/share/texlive/texmf-dist/tex/latex/amsfonts/umsb.fd
File: umsb.fd 2013/01/14 v3.01 AMS symbols B
)
LaTeX Font Info:    Try loading font information for U+stmry on input line 300.


(/usr/share/texlive/texmf-dist/tex/latex/stmaryrd/Ustmry.fd)
Overfull \hbox (3.7701pt too wide) in paragraph at lines 271--300
 [][] 
 []


Overfull \hbox (3.7701pt too wide) in paragraph at lines 271--300
 [][] 
 []


Overfull \hbox (3.7701pt too wide) in paragraph at lines 271--300
 [][] 
 []


Overfull \hbox (3.7701pt too wide) in paragraph at lines 271--300
 [][] 
 []


Overfull \hbox (3.7701pt too wide) in paragraph at lines 271--300
 [][] 
 []


Overfull \hbox (3.7701pt too wide) in paragraph at lines 271--300
 [][][][] 
 []


Overfull \hbox (3.7701pt too wide) in paragraph at lines 271--300
 [][][][] 
 []


Overfull \hbox (3.7701pt too wide) in paragraph at lines 271--300
 [][][][] 
 []


Overfull \hbox (3.7701pt too wide) in paragraph at lines 271--300
 [][][][] 
 []


Overfull \hbox (3.7701pt too wide) in paragraph at lines 271--300
 [][][][] 
 []

\openout3 = `main.ptb'.

\openout3 = `main.ptb'.


Overfull \hbox (0.17203pt too wide) in paragraph at lines 343--373
 [][] 
 []


Overfull \hbox (0.17203pt too wide) in paragraph at lines 343--373
 [][][][] 
 []


Overfull \hbox (0.17203pt too wide) in paragraph at lines 343--373
 [][][][] 
 []


Overfull \hbox (0.17203pt too wide) in paragraph at lines 343--373
 [][][][] 
 []


Overfull \hbox (0.17203pt too wide) in paragraph at lines 343--373
 [][][][] 
 []


Overfull \hbox (0.17203pt too wide) in paragraph at lines 343--373
 [][][][] 
 []


Overfull \hbox (0.17203pt too wide) in paragraph at lines 343--373
 [][][][] 
 []


Overfull \hbox (0.17203pt too wide) in paragraph at lines 343--373
 [][] 
 []


Overfull \hbox (0.17203pt too wide) in paragraph at lines 343--373
 [][][][] 
 []

[1

{/usr/share/texlive/texmf-dist/fonts/map/pdftex/updmap/pdftex.map}]
\openout3 = `main.ptb'.


Overfull \hbox (90.61652pt too wide) in paragraph at lines 381--417
 [][] 
 []


Overfull \hbox (90.61652pt too wide) in paragraph at lines 381--417
 [][][][] 
 []


Overfull \hbox (90.61652pt too wide) in paragraph at lines 381--417
 [][][][] 
 []


Overfull \hbox (90.61652pt too wide) in paragraph at lines 381--417
 [][][][] 
 []


Overfull \hbox (90.61652pt too wide) in paragraph at lines 381--417
 [][][][] 
 []


Overfull \hbox (90.61652pt too wide) in paragraph at lines 381--417
 [][][][] 
 []


Overfull \hbox (90.61652pt too wide) in paragraph at lines 381--417
 [][][][] 
 []


Overfull \hbox (90.61652pt too wide) in paragraph at lines 381--417
 [][][][] 
 []


Overfull \hbox (90.61652pt too wide) in paragraph at lines 381--417
 [][][][] 
 []


Overfull \hbox (90.61652pt too wide) in paragraph at lines 381--417
 [][] 
 []


Overfull \hbox (90.61652pt too wide) in paragraph at lines 381--417
 [][][][] 
 []

\openout3 = `main.ptb'.


Overfull \hbox (149.54478pt too wide) in paragraph at lines 425--451
 [][] 
 []


Overfull \hbox (149.54478pt too wide) in paragraph at lines 425--451
 [][][][] 
 []


Overfull \hbox (149.54478pt too wide) in paragraph at lines 425--451
 [][][][] 
 []


Overfull \hbox (149.54478pt too wide) in paragraph at lines 425--451
 [][][][] 
 []


Overfull \hbox (149.54478pt too wide) in paragraph at lines 425--451
 [][][][] 
 []


Overfull \hbox (149.54478pt too wide) in paragraph at lines 425--451
 [][][][] 
 []


Overfull \hbox (149.54478pt too wide) in paragraph at lines 425--451
 [][][][] 
 []

\openout3 = `main.ptb'.

[2] (./main.aux) ) 
Here is how much of TeX's memory you used:
 1195 strings out of 493064
 14176 string characters out of 6138159
 72430 words of memory out of 5000000
 4756 multiletter control sequences out of 15000+600000
 8527 words of font info for 33 fonts, out of 8000000 for 9000
 1137 hyphenation exceptions out of 8191
 25i,4n,31p,461b,245s stack positions out of 5000i,500n,10000p,200000b,80000s
</usr/share/texlive/texmf-dist/fonts/type1/public/amsfonts/cm
/cmbx10.pfb></usr/share/texlive/texmf-dist/fonts/type1/public/amsfonts/cm/cmbx1
2.pfb></usr/share/texlive/texmf-dist/fonts/type1/public/amsfonts/cm/cmmi10.pfb>
</usr/share/texlive/texmf-dist/fonts/type1/public/amsfonts/cm/cmr10.pfb></usr/s
hare/texlive/texmf-dist/fonts/type1/public/amsfonts/cm/cmsy10.pfb></usr/share/t
exlive/texmf-dist/fonts/type1/public/amsfonts/cm/cmti10.pfb>
Output written on main.pdf (2 pages, 75765 bytes).
PDF statistics:
 35 PDF objects out of 1000 (max. 8388607)
 24 compressed objects within 1 object stream
 0 named destinations out of 1000 (max. 500000)
 1 words of extra memory for PDF output out of 10000 (max. 10000000)

